<?xml version="1.0" encoding="UTF-8"?>
<!-- Generated by org.testng.reporters.JUnitReportReporter -->
<testsuite hostname="ATMECSINDT-006" failures="0" tests="1" name="com.atmecs.atmecsproject.testscripts.TestingPage" time="9.500" errors="0" timestamp="26 Sep 2019 14:00:52 GMT" skipped="0">
  <testcase classname="com.atmecs.atmecsproject.testscripts.TestingPage" name="test" time="9.500"/>
</testsuite> <!-- com.atmecs.atmecsproject.testscripts.TestingPage -->
