<?xml version="1.0" encoding="UTF-8"?>
<!-- Generated by org.testng.reporters.JUnitReportReporter -->
<testsuite hostname="ATMECSINDT-006" failures="0" tests="1" name="com.atmecs.atmecsproject.testscripts.HomePage" time="1.199" errors="0" timestamp="26 Sep 2019 13:34:05 GMT" skipped="0">
  <testcase classname="com.atmecs.atmecsproject.testscripts.HomePage" name="home" time="1.199"/>
</testsuite> <!-- com.atmecs.atmecsproject.testscripts.HomePage -->
